<?xml version="1.0" encoding="UTF-8"?>
<coverage generated="1526056688705" clover="3.2.0">
  <project timestamp="1526056688706" name="All files">
    <metrics statements="24" coveredstatements="23" conditionals="1" coveredconditionals="1" methods="24" coveredmethods="15" elements="49" coveredelements="39" complexity="0" loc="24" ncloc="24" packages="1" files="1" classes="1">
      <file name="Composite.js" path="/home/knave/Documents/Work/GoogleUdacityScholar/js-design-patterns/Structural/Composite.js">
        <metrics statements="24" coveredstatements="23" conditionals="1" coveredconditionals="1" methods="24" coveredmethods="15"/>
        <line num="9" count="20" type="stmt"/>
        <line num="13" count="12" type="stmt"/>
        <line num="32" count="1" type="stmt"/>
        <line num="34" count="8" type="stmt"/>
        <line num="35" count="8" type="stmt"/>
        <line num="36" count="8" type="stmt"/>
        <line num="37" count="7" type="stmt"/>
        <line num="41" count="1" type="stmt"/>
        <line num="42" count="1" type="stmt"/>
        <line num="48" count="11" type="stmt"/>
        <line num="49" count="11" type="stmt"/>
        <line num="53" count="1" type="stmt"/>
        <line num="57" count="6" type="stmt"/>
        <line num="63" count="9" type="stmt"/>
        <line num="64" count="9" type="stmt"/>
        <line num="65" count="9" type="stmt"/>
        <line num="69" count="1" type="stmt"/>
        <line num="73" count="14" type="stmt"/>
        <line num="77" count="2" type="stmt"/>
        <line num="81" count="1" type="stmt"/>
        <line num="85" count="0" type="stmt"/>
        <line num="89" count="7" type="stmt"/>
        <line num="93" count="10" type="stmt"/>
        <line num="97" count="1" type="stmt"/>
      </file>
    </metrics>
  </project>
</coverage>
