{"/home/knave/Documents/Work/GoogleUdacityScholar/js-design-patterns/Structural/Composite.js": {"path":"/home/knave/Documents/Work/GoogleUdacityScholar/js-design-patterns/Structural/Composite.js","statementMap":{"0":{"start":{"line":9,"column":2},"end":{"line":9,"column":20}},"1":{"start":{"line":13,"column":2},"end":{"line":13,"column":20}},"2":{"start":{"line":32,"column":22},"end":{"line":32,"column":24}},"3":{"start":{"line":34,"column":3},"end":{"line":34,"column":68}},"4":{"start":{"line":35,"column":3},"end":{"line":35,"column":12}},"5":{"start":{"line":36,"column":3},"end":{"line":38,"column":4}},"6":{"start":{"line":37,"column":4},"end":{"line":37,"column":46}},"7":{"start":{"line":41,"column":2},"end":{"line":41,"column":17}},"8":{"start":{"line":42,"column":2},"end":{"line":42,"column":23}},"9":{"start":{"line":48,"column":2},"end":{"line":48,"column":14}},"10":{"start":{"line":49,"column":2},"end":{"line":49,"column":27}},"11":{"start":{"line":53,"column":2},"end":{"line":53,"column":20}},"12":{"start":{"line":57,"column":2},"end":{"line":57,"column":11}},"13":{"start":{"line":63,"column":2},"end":{"line":63,"column":14}},"14":{"start":{"line":64,"column":2},"end":{"line":64,"column":32}},"15":{"start":{"line":65,"column":2},"end":{"line":65,"column":22}},"16":{"start":{"line":69,"column":2},"end":{"line":69,"column":20}},"17":{"start":{"line":73,"column":2},"end":{"line":73,"column":50}},"18":{"start":{"line":77,"column":2},"end":{"line":77,"column":102}},"19":{"start":{"line":77,"column":59},"end":{"line":77,"column":100}},"20":{"start":{"line":81,"column":2},"end":{"line":81,"column":91}},"21":{"start":{"line":85,"column":2},"end":{"line":85,"column":76}},"22":{"start":{"line":85,"column":42},"end":{"line":85,"column":74}},"23":{"start":{"line":89,"column":2},"end":{"line":89,"column":31}},"24":{"start":{"line":93,"column":2},"end":{"line":93,"column":31}},"25":{"start":{"line":97,"column":0},"end":{"line":101,"column":2}}},"fnMap":{"0":{"name":"(anonymous_0)","decl":{"start":{"line":8,"column":1},"end":{"line":8,"column":2}},"loc":{"start":{"line":8,"column":19},"end":{"line":10,"column":2}},"line":8},"1":{"name":"(anonymous_1)","decl":{"start":{"line":12,"column":1},"end":{"line":12,"column":2}},"loc":{"start":{"line":12,"column":15},"end":{"line":14,"column":2}},"line":12},"2":{"name":"(anonymous_2)","decl":{"start":{"line":17,"column":1},"end":{"line":17,"column":2}},"loc":{"start":{"line":17,"column":11},"end":{"line":17,"column":13}},"line":17},"3":{"name":"(anonymous_3)","decl":{"start":{"line":19,"column":1},"end":{"line":19,"column":2}},"loc":{"start":{"line":19,"column":21},"end":{"line":19,"column":23}},"line":19},"4":{"name":"(anonymous_4)","decl":{"start":{"line":21,"column":1},"end":{"line":21,"column":2}},"loc":{"start":{"line":21,"column":33},"end":{"line":21,"column":35}},"line":21},"5":{"name":"(anonymous_5)","decl":{"start":{"line":23,"column":1},"end":{"line":23,"column":2}},"loc":{"start":{"line":23,"column":27},"end":{"line":23,"column":29}},"line":23},"6":{"name":"(anonymous_6)","decl":{"start":{"line":25,"column":1},"end":{"line":25,"column":2}},"loc":{"start":{"line":25,"column":31},"end":{"line":25,"column":33}},"line":25},"7":{"name":"(anonymous_7)","decl":{"start":{"line":27,"column":1},"end":{"line":27,"column":2}},"loc":{"start":{"line":27,"column":24},"end":{"line":27,"column":26}},"line":27},"8":{"name":"(anonymous_8)","decl":{"start":{"line":29,"column":1},"end":{"line":29,"column":2}},"loc":{"start":{"line":29,"column":16},"end":{"line":29,"column":18}},"line":29},"9":{"name":"(anonymous_9)","decl":{"start":{"line":31,"column":1},"end":{"line":31,"column":2}},"loc":{"start":{"line":31,"column":31},"end":{"line":43,"column":2}},"line":31},"10":{"name":"traverse","decl":{"start":{"line":33,"column":11},"end":{"line":33,"column":19}},"loc":{"start":{"line":33,"column":38},"end":{"line":39,"column":3}},"line":33},"11":{"name":"(anonymous_11)","decl":{"start":{"line":47,"column":1},"end":{"line":47,"column":2}},"loc":{"start":{"line":47,"column":19},"end":{"line":50,"column":2}},"line":47},"12":{"name":"(anonymous_12)","decl":{"start":{"line":52,"column":1},"end":{"line":52,"column":2}},"loc":{"start":{"line":52,"column":11},"end":{"line":54,"column":2}},"line":52},"13":{"name":"(anonymous_13)","decl":{"start":{"line":56,"column":1},"end":{"line":56,"column":2}},"loc":{"start":{"line":56,"column":16},"end":{"line":58,"column":2}},"line":56},"14":{"name":"(anonymous_14)","decl":{"start":{"line":62,"column":1},"end":{"line":62,"column":2}},"loc":{"start":{"line":62,"column":19},"end":{"line":66,"column":2}},"line":62},"15":{"name":"(anonymous_15)","decl":{"start":{"line":68,"column":1},"end":{"line":68,"column":2}},"loc":{"start":{"line":68,"column":11},"end":{"line":70,"column":2}},"line":68},"16":{"name":"(anonymous_16)","decl":{"start":{"line":72,"column":1},"end":{"line":72,"column":2}},"loc":{"start":{"line":72,"column":21},"end":{"line":74,"column":2}},"line":72},"17":{"name":"(anonymous_17)","decl":{"start":{"line":76,"column":1},"end":{"line":76,"column":2}},"loc":{"start":{"line":76,"column":34},"end":{"line":78,"column":2}},"line":76},"18":{"name":"(anonymous_18)","decl":{"start":{"line":77,"column":46},"end":{"line":77,"column":47}},"loc":{"start":{"line":77,"column":59},"end":{"line":77,"column":100}},"line":77},"19":{"name":"(anonymous_19)","decl":{"start":{"line":80,"column":1},"end":{"line":80,"column":2}},"loc":{"start":{"line":80,"column":27},"end":{"line":82,"column":2}},"line":80},"20":{"name":"(anonymous_20)","decl":{"start":{"line":84,"column":1},"end":{"line":84,"column":2}},"loc":{"start":{"line":84,"column":31},"end":{"line":86,"column":2}},"line":84},"21":{"name":"(anonymous_21)","decl":{"start":{"line":85,"column":29},"end":{"line":85,"column":30}},"loc":{"start":{"line":85,"column":42},"end":{"line":85,"column":74}},"line":85},"22":{"name":"(anonymous_22)","decl":{"start":{"line":88,"column":1},"end":{"line":88,"column":2}},"loc":{"start":{"line":88,"column":24},"end":{"line":90,"column":2}},"line":88},"23":{"name":"(anonymous_23)","decl":{"start":{"line":92,"column":1},"end":{"line":92,"column":2}},"loc":{"start":{"line":92,"column":16},"end":{"line":94,"column":2}},"line":92}},"branchMap":{"0":{"loc":{"start":{"line":33,"column":26},"end":{"line":33,"column":36}},"type":"default-arg","locations":[{"start":{"line":33,"column":35},"end":{"line":33,"column":36}}],"line":33}},"s":{"0":20,"1":12,"2":1,"3":8,"4":8,"5":8,"6":7,"7":1,"8":1,"9":11,"10":11,"11":1,"12":6,"13":9,"14":9,"15":9,"16":1,"17":14,"18":1,"19":2,"20":1,"21":0,"22":0,"23":7,"24":10,"25":1},"f":{"0":20,"1":12,"2":0,"3":0,"4":0,"5":0,"6":0,"7":0,"8":0,"9":1,"10":8,"11":11,"12":1,"13":6,"14":9,"15":1,"16":14,"17":1,"18":2,"19":1,"20":0,"21":0,"22":7,"23":10},"b":{"0":[1]},"_coverageSchema":"332fd63041d2c1bcb487cc26dd0d5f7d97098a6c","hash":"86f283a2042b4141320ff75dd30155c340b0b6dd"}
}
