TN:
SF:/home/knave/Documents/Work/GoogleUdacityScholar/js-design-patterns/Structural/Composite.js
FN:8,(anonymous_0)
FN:12,(anonymous_1)
FN:17,(anonymous_2)
FN:19,(anonymous_3)
FN:21,(anonymous_4)
FN:23,(anonymous_5)
FN:25,(anonymous_6)
FN:27,(anonymous_7)
FN:29,(anonymous_8)
FN:31,(anonymous_9)
FN:33,traverse
FN:47,(anonymous_11)
FN:52,(anonymous_12)
FN:56,(anonymous_13)
FN:62,(anonymous_14)
FN:68,(anonymous_15)
FN:72,(anonymous_16)
FN:76,(anonymous_17)
FN:77,(anonymous_18)
FN:80,(anonymous_19)
FN:84,(anonymous_20)
FN:85,(anonymous_21)
FN:88,(anonymous_22)
FN:92,(anonymous_23)
FNF:24
FNH:15
FNDA:20,(anonymous_0)
FNDA:12,(anonymous_1)
FNDA:0,(anonymous_2)
FNDA:0,(anonymous_3)
FNDA:0,(anonymous_4)
FNDA:0,(anonymous_5)
FNDA:0,(anonymous_6)
FNDA:0,(anonymous_7)
FNDA:0,(anonymous_8)
FNDA:1,(anonymous_9)
FNDA:8,traverse
FNDA:11,(anonymous_11)
FNDA:1,(anonymous_12)
FNDA:6,(anonymous_13)
FNDA:9,(anonymous_14)
FNDA:1,(anonymous_15)
FNDA:14,(anonymous_16)
FNDA:1,(anonymous_17)
FNDA:2,(anonymous_18)
FNDA:1,(anonymous_19)
FNDA:0,(anonymous_20)
FNDA:0,(anonymous_21)
FNDA:7,(anonymous_22)
FNDA:10,(anonymous_23)
DA:9,20
DA:13,12
DA:32,1
DA:34,8
DA:35,8
DA:36,8
DA:37,7
DA:41,1
DA:42,1
DA:48,11
DA:49,11
DA:53,1
DA:57,6
DA:63,9
DA:64,9
DA:65,9
DA:69,1
DA:73,14
DA:77,2
DA:81,1
DA:85,0
DA:89,7
DA:93,10
DA:97,1
LF:24
LH:23
BRDA:33,0,0,1
BRF:1
BRH:1
end_of_record
